  File "run.py", line 3
    output= lambda a L:filter(lambda b: b<=a,L)
                     ^
SyntaxError: invalid syntax
Exception: 
2/25/2016 0:48:30,,4n,9,Dependent and correlated,,max(input),,MSc,Caroline Kim,A53104857,chk101@eng.ucsd.edu,sum(map(lambda x: x*x, input)),filter(lambda x: x <= a, L)
Exception: 
2/25/2016 17:44:40,,4n,9,Dependent and uncorrelated,,max = lambda input: reduce(lambda x,y : x if(x>y) else y, input),,1st year MSc,Zhongrong Jian,A53096102,zhjian@ucsd.edu,sum = lambda input: reduce(lambda x,y: x+y, (map(lambda x:x**2, input))),seq = lambda input, a: list(filter(lambda x: x <= a, input))
Exception: 
2/25/2016 17:46:49,,4n,9,Dependent and uncorrelated,,max = lambda list : reduce(lambda a, b : a if (a > b) else b, list),,MSc Computational Science (1st Year) - I did my undergrad in CS + Math,Juan Sidrach de Cardona Mora,A53096298,jsidrach@ucsd.edu,sumSq = lambda list : reduce(lambda a, b : a + b, map(lambda x : x * x, list)),filterList = lambda L, a : list(filter(lambda b : (b <= a), L))
Exception: 
2/25/2016 17:48:32,,4n,9,Dependent and uncorrelated,,maxL = lambda L : reduce (lambda a,b : a if (a > b) else b, L),,1st year master,Lingyi Kong,A97010449,l1kong@ucsd.edu,sqSum = lambda L : reduce (lambda a,b : a + b, map(lambda x: x**2,L)),smallL = lambda L,a : filter (lambda x : x < a, L)
Exception: 
2/25/2016 17:52:03,,4n,9,Dependent and uncorrelated,,maxL = lambda L : reduce (lambda a,b : a if (a > b) else b, L),,1st year Master,Lingyi Kong,A97010449,l1kong@ucsd.edu,sqSum = lambda L : reduce (lambda a,b : a + b, map(lambda x: x**2,L)),smallL = lambda L,a : filter(lambda x : x <= a, L)
Exception: 
2/25/2016 18:11:26,,4n,9,Dependent and uncorrelated,,max = lambda L : reduce(lambda a,b : a if (a > b) else b, L),,First year graduate student,Lu Yu,a53107397,luy018@ucsd.edu,SoQ = lambda L : reduce (lambda x,y : x+y, map(lambda x : x**2, L)),listfilter = lambda L, a : list(filter(lambda b: (b <= a), L))
Exception: 
2/25/2016 19:44:45,,4n,5,Independent and uncorrelated,,reduce(lambda a,b: a if (a > b) else b,[1,2,3,4,5,6]),,MSc CSE 1st year/4 year BSc in Statistics,Shen Ting ANg,A53095324,s3ang@eng.ucsd.edu,reduce(lambda x,y:x+y,map(lambda x:x**2,[1,2,3,4,5,6])),filter(lambda x,a=3:x <=a,[1,2,3,4,5,6])
Exception: 
2/26/2016 13:28:44,,4n,9,Dependent and correlated,,max = lambda list: reduce(lambda x,y:x if(x>y) else y, list),,MSc 2 years,Xiaojian Jin,A53104909,xij049@ucsd.edu,sum = lambda list:reduce(lambda x,y:x+y, (map(lambda x:x**2,list))),smallereq = lambda list, a: list(filter(lambda x:x<=a,list))
Exception: 
2/26/2016 13:48:25,,4n,9,Dependent and correlated,,f=lambda x: max(x),,1st year Master,Yilin Zhai,A53103154,yizhai@ucsd.edu,f= lambda x: sum(map(lambda a: a**2,x)),f= lambda a L:filter(lambda b: b<=a,L)
Exception: 
2/26/2016 19:26:37,,4n,9,Dependent and uncorrelated,,result = max(L, key=lambda x:int(x)),,two years' M.s. in statistics,Xinrui Li,A53106153,xil430@ucsd.edu,result = sum(map(lambda x:x*x, L)),result = filter(lambda x: x <= a, L)
Exception: 
2/26/2016 20:53:48,,4n,5,Dependent and uncorrelated,,reduce( lambda a,b: a if (a > b) else b,  L),,PhD 2nd year,Man Song,A53066657,mas065@ucsd.edu,sum(map(lambda x: x**2, L)),filter(lambda x: x<=a, L )
Exception: 
2/27/2016 17:42:18,,4n,9,Dependent and correlated,,f=lambda L: max(L),,1st year Master,Yilin Zhai ,A53103154,yizhai@ucsd.edu,f=lambda L: sum(map((lambda x: x**2), L)),f=filter(lambda x: x<a, L)
Exception: 
2/28/2016 1:09:57,,4n,9,Dependent and correlated,,reduce(lambda x, y : max(x, y), L),,MS, first year,Jie Fu,A53102444,jif052@eng.ucsd.edu,reduce(lambda x, y : x + y, map(lambda x : x*x, L)),filter(lambda x: x >= a, L)
Exception: 
2/28/2016 17:02:07,,4n,9,Dependent and uncorrelated,,ans = reduce(lambda x, y: x if x > y else y, L),,UG 3.5 years,Eduardo Ramirez,A98043244,eduardo@ucsd.edu,ans = reduce(lambda a,y: a + (y**2), L, 0),ans = reduce(lambda x,y: [y]+x if y <= a else x, L, [])
Exception: 
2/28/2016 17:02:30,,4n,9,Dependent and uncorrelated,,out = reduce(lambda x, y: max(x, y), L),,M.S. Computer Science,Jesse Qin,A10688717,jeqin@eng.ucsd.edu,out = reduce(lambda x, y: x + y**2, L, 0),out = reduce(lambda x, y: [y] + x if y <= a else x , L, [])
Exception: 
2  File "run.py", line 3
    output=reduce(lambda x,y;x+y,(map(lambda x: x**2, L)))
                            ^
SyntaxError: invalid syntax
  File "run.py", line 3
    output=list(map(lambda x: if (x<=a) x, L))
                               ^
SyntaxError: invalid syntax
/29/2016 15:13:02,,2n,9,Dependent and uncorrelated,,reduce(lambda a,b: a if(a>b) else b, L),,MS, 1st year,Seam Lee,A10029832,yhl014@ucsd.edu,sum(map(lambda x: x*x, L)),filter(lambda x: 1 if(x<=a) else 0, L)
Exception: 
2/29/2016 17:03:51,,4n,9,Dependent and uncorrelated,,max(L),,MSc in Computer Engineering for 1.5 years,Yuchun Li,A53063718,yul352@eng.ucsd.edu,sum([x**2 for x in L]),[x for x in L if x <= a]
Exception: 
3/1/2016 2:44:55,,4n,5,Dependent and uncorrelated,,reduce(lambda x, y: x if x >= y else y, L)  # equivalently, we could just use "max(L)",,First Year PhD,Andrew Leverentz,A53096478,aleveren@eng.ucsd.edu,sum(x**2 for x in L),[x for x in L if x <= a]
Exception: 
3/1/2016 15:53:15,,4n,9,Dependent and uncorrelated,,reduce(lambda a,b: a if (a > b) else b, L),,first year Master,Feichao,A53091625,feqian@ucsd.edu,reduce(lambda x, y: x + y*y, [0]+L ),filter(lambda x: x >= a, L)
Exception: 
3/2/2016 18:43:34,,4n,9,Dependent and uncorrelated,,max(L),,MSc. in Computer Engineering for 1.5 years,Yuchun Li,A53063718,yul352@eng.ucsd.edu,sum([x**2 for x in L]),[x for x in L if x <= a]
Exception: 
3/2/2016 18:54:06,,4n,9,Dependent and uncorrelated,,reduce(lambda x, y: x if(x>y) else y, L),,MSc,Xiaojian Jin,A53104909,xij049@ucsd.edu,reduce(lambda x,y;x+y,(map(lambda x: x**2, L))),list(filter(lambda x: x<=a,L))
Exception: 
3/3/2016 0:00:11,,4n,9,Dependent and uncorrelated,,reduce (lambda a,b : a if (a > b) else b, L),,Msc first year,Jie Fu,A53102444,jif052@eng.ucsd.edu,reduce (lambda x, y : x + y, map(lambda x:x**2, L)),result = filter (lambda x : x >=a, L)
Exception: 
3/3/2016 0:00:19,,4n,9,Dependent and uncorrelated,,reduce (lambda a,b : a if (a > b) else b, L),,Msc 1st year,Jingwen Xie,A53103415,jix111@eng.ucsd.edu,reduce (lambda x, y : x + y, map(lambda x:x**2, L)),result = filter (lambda x : x >=a, L)
Exception: 
3/3/2016 17:46:05,,4n,9,Dependent and uncorrelated,,reduce (lambda max1, max2 : max1 if (max1 > max2) else max2, L),,MSc,Jingwen Xie,A53103415,jix111@ucsd.edu,reduce (lambda num1, num2 : num1 + num2, map (lambda num1:num1**2, L)),filter (lambda num:num >= a, L)
Exception: 
3/5/2016 17:44:31,,4n,9,Dependent and uncorrelated,,max( L , key=lambda x:int(x) ),,2 years' statistics master,Xinrui Li,A53106153,xil430@ucsd.edu,sum( map( lambda x:x*x , L) ),filter( lambda x: x <= a , L)
Exception: 
3/6/2016 1:36:42,,4n,9,Dependent and correlated,, reduce(lambda a,b: a if (a > b) else b, L),,MSc, one year,Xiaoying Gao,A53101876,xig060@eng.ucsd.edu,reduce(lambda x, y: x+y,  L),list(map(lambda x: if (x<=a) x, L))
Exception: 
3/7/2016 0:07:36,,2n,5,Dependent and uncorrelated,,reduce(lambda x,y:x if x>y else y,L),,Msc,Jialong Li,A53105937,jil653@eng.ucsd.edu,reduce(lambda x,y:x+y,map(lambda x:x**2,L)),filter(lambda x:x<a,L)
Exception: 
3/7/2016 1:58:30,,2n,9,Dependent and correlated,,reduce(lambda x, y: x if (x > y) else y, L),,3rd year Ph.D in Math,Jingwen Liang,a53051532,jil343@ucsd.edu,reduce(lambda x , y : x ** 2 + y ** 2, L),filter(lambda x: x <= a, L)
Exception: 
3/7/2016 16:35:58,,4n,9,Dependent and uncorrelated,,reduce(lambda a,b: a if (a > b) else b , L),,MSc 1st,Moojin Chae,A53102484,mochae@ucsd.edu,reduce(lambda x, y: x*x+y*y, L),filter(lambda x: x <= a, L)
Exception: 
3/7/2016 17:49:21,,4n,9,Dependent and correlated,,reduce (lambda a,b : a if (a > b) else b, L),,MSc 1,Yihong Zhang,A53097346,yiz474@eng.ucsd.edu,reduce (lambda a,b : a+b, L),filter (lambda x: x<=a, L)
Exception: 
3/8/2016 13:21:12,,4n,9,Dependent and uncorrelated,,reduce(lambda a, b: a if (a > b) else b, L),,MS 1 year,Songyang Li,A53097969,sol070@eng.ucsd.edu,reduce(lambda x, y: x+y, map(lambda x:x**2, L)),result = filter (lambda x: x >=a, L)
Exception: 
3/8/2016 14:38:05,,2n,9,Dependent and uncorrelated,,reduce(lambda x,y: x if (x>y) else y, L),,PhD 1,Xiaojing Xu,A53099643,xix068@ucsd.edu,reduce(lambda x,y: x+y, map(lambda x: x**2, L) ),filter(lambda x: x>a, L)
Exception: 
3/8/2016 15:22:39,,4n,5,Dependent and correlated,,reduce(lambda x,y : y if x < y else x,L),,First Year PhD,William Greenwald,A53092095,billgreenwald@ucsd.edu,reduce(lambda x,y: x+y,m  File "run.py", line 3
    output=map(lambda x: x if (x > a), L)
                                     ^
SyntaxError: invalid syntax
  File "run.py", line 3
    output=map(lambda x: x if (x<= a), L)
                                     ^
SyntaxError: invalid syntax
  File "run.py", line 3
    output=filter(lambda x: <a, L)
                            ^
SyntaxError: invalid syntax
  File "run.py", line 4
    output2 = reduce(lambda x, y : x + y, map (lambda x: x * x, L))
          ^
SyntaxError: invalid syntax
  File "run.py", line 4
    output2 = reduce(lambda x, y : x + y, map (lambda x: x * x, L))
          ^
SyntaxError: invalid syntax
ap(lambda x: x*x, L)),filter(lambda x: x<a,L)
Exception: 
3/8/2016 19:41:05,,4n,9,Dependent and uncorrelated,,reduce(lambda a,b: a if (a > b) else b, L),,Masters first year,Ramkishore Swaminathan,A53089745,rswamina@eng.ucsd.edu,sum(map(lambda x: x**2, L)),filter(lambda x: x < a, L)
Exception: 
3/9/2016 2:04:48,,4n,9,Dependent and uncorrelated,,L = [2,10,4,5,11,2]
reduce(lambda x,y: x if (x>y) else y, L),,Ph.D. 1st Year,Jad Kanbar,A53012089,jkanbar@ucsd.edu,L = [1,2,3,4,5,6]
reduce(lambda x,y: x+y, map(lambda x: x * x, L)),L = [2,10,4,11,6,2]
a = 5
filter(lambda x: x<a, L)
Exception: 
3/9/2016 2:12:56,,4n,9,Dependent and correlated,,reduce(lambda a,b: a if (a > b) else b, L),,Msc, 1 year,Adithya Seshasayee,53104691,aseshasa@eng.ucsd.edu,reduce(lambda a,b: a**2 + b**2, L),map(lambda x: x if (x > a), L)
Exception: 
3/9/2016 4:35:36,,4n,9,Dependent and uncorrelated,,reduce(lambda a,b: a if (a > b) else b, L),,MS and 2 years,Sneha Priya Bhattaram,A53092331,spbhatta@eng.ucsd.edu,sum(map(lambda x: x**2, L)),filter(lambda x: x < a, L)
Exception: 
3/9/2016 22:36:29,,4n,9,Dependent and correlated,,reduce(lambda x,y: x if (x > y) else y, L),,Msc., 1 year,Adithya Seshasayee,A53104691,aseshasa@eng.ucsd.edu,(reduce(lambda x,y: (x**2 + y**2)**0.5, L))**2,map(lambda x: x if (x<= a), L)
Exception: 
3/10/2016 6:54:24,,4n,9,Dependent and uncorrelated,,reduce(lambda x,y: x if (x > y) else y, L),,MS Computer Science,SRIRAM MANOHAR,A53100761,srmanoha@eng.ucsd.edu,sum(map(lambda x: x**2, L)),filter(lambda x: x < a, L)
Exception: 
3/10/2016 17:09:33,,4n,9,Dependent and uncorrelated,,reduce(lambda x,y: x if (x>y) else y, L),,MS in ECE (expected to graduate in 2017),Saurabh Kulkarni,A53099844,s3kulkar@eng.ucsd.edu,reduce(lambda x,y: x+y, map(lambda x,y: x*y, L,L)),filter(lambda x: x>=a, L)
Exception: 
3/10/2016 18:23:20,,8n,9,Dependent and correlated,,reduce(lambda a,b: max(a,b),L),,First Year Ms,Dawei Wang,A53094262,daw068@ucsd.edu,reduce(lambda a,b: a+b,L),filter(lambda x: x <=a,L)
Exception: 
3/10/2016 22:47:42,,4n,9,Dependent and uncorrelated,,reduce (lambda x,y: x if x>y else y,L),,MSc 1,Abhishek Majumdar,A53097687,abmajumd@ucsd.edu,sum(map(lambda x:x**2 , L) ),filter(lambda x: x <= a, L)
Exception: 
3/10/2016 23:11:47,,4n,9,Dependent and uncorrelated,,reduce(lambda x, y: x if (x > y) else y, L),,MSc, 2,Joe Manley Gnanasekaran,A53096254,jgnanase@ucsd.edu,sum(map(lambda x: x**2, L)),filter(lambda x: x <= a, L)
Exception: 
3/11/2016 0:27:23,,4n,9,Dependent and uncorrelated,,reduce(lambda x,y: x if (x > y) else y , L),,MSc 1,Aditya Suresh kumar,A53092425,asureshk@ucsd.edu,sum(map(lambda x: x*x,L)),filter(lambda x: x<= a,L)
Exception: 
3/11/2016 0:36:37,,4n,9,Dependent and uncorrelated,,reduce(lambda a,b: a if(a>b) else b, L),,MSc,  First year,Lenord Melvix Joseph Stephen Max,A53092538,lmelvix@ucsd.edu,sum(map(lambda a: a**2, L)),filter(lambda x: <a, L)
Exception: 
3/11/2016 2:51:23,,4n,9,Dependent and correlated,,reduce( lambda a,b: a if (a > b) else b, L ),,MSc 2nd,Linjie Li,A53070599,lil121@ucsd.edu,reduce(lambda x, y: x*x+y*y, L),filter(lambda x: x <= a, L)
Exception: 
3/11/2016 3:44:23,,4n,9,Dependent and uncorrelated,,reduce(lambda x,y: x if (x>y) else y, L),,MS, 1 year,Rakshit Wadhwa,A53100056,rawadhwa@ucsd.edu,reduce(lambda x,y: x + y*y, L, 0) ,reduce(lambda x,y: (x + 1) if (y <= a) else x, L,0)
Exception: 
3/11/2016 15:37:32,,4n,3,Dependent and uncorrelated,,reduce(lambda a,b: a if (a > b) else b, L),,1st year MS CS student,Shalini Kedlaya,A53090836,skedlaya@ucsd.edu,reduce((lambda x, y: x +y), map(lambda x: x*x, L),list(filter(lambda x: x <=a, L ))
Exception: 
3/11/2016 17:53:34,,4n,9,Dependent and uncorrelated,,reduce( lambda a,b: a if (a > b) else b, L),,MS 1st year,Tanvi Nabar,A53098349,tgnabar@ucsd.edu,reduce (lambda a, b: a+b , (map(lambda x: x*x, L)),list(filter(lambda x: (x <= a), L))
Exception: 
3/11/2016 20:01:09,,4n,9,Dependent and uncorrelated,,reduce(lambda a,b: a if (a > b) else b, L),,2nd year master,Pengbo Li,A53079916,pel034@ucsd.edu,sum(map(lambda x:x*x,L)),filter(lambda x: x <= a, L)
Exception: 
3/11/2016 20:49:13,,4n  File "run.py", line 4
    output2 = reduce(lambda x, y : x + y, map (lambda x: x * x, L))
          ^
SyntaxError: invalid syntax
  File "run.py", line 3
    output=
          ^
SyntaxError: invalid syntax
  File "run.py", line 3
    output=
          ^
SyntaxError: invalid syntax
Traceback (most recent call last):
  File "run.py", line 3, in <module>
    output= reduce (lambda x,y: x+y, map [ lambda a : a**2 , L])
TypeError: 'builtin_function_or_method' object has no attribute '__getitem__'
  File "run.py", line 3
    output=filter(lambda x: ! ( x>a ), L)
                            ^
SyntaxError: invalid syntax
,9,Dependent and correlated,,reduce(lambda x,y: x if x>y else y, L, 0),,MS in CS, 2nd year,Juliana Curtis,A53064429,jccurtis@ucsd.edu,reduce(lambda x,y: x + y**2, L, 0),filter(lambda x: x < a, L)
Exception: 
3/11/2016 22:03:40,,4n,9,Dependent and uncorrelated,,reduce(lambda x , y : x if (x > y) else y , L),,M.S. Computer Science, 2 years,Vamsi Krishna Cheekatimalla,A53099416,vcheekat@ucsd.edu,reduce(lambda x , y : x + y , map(lambda x : x * x , L)),filter(lambda x : x < a , L)
Exception: 
3/12/2016 1:39:00,,4n,9,Dependent and uncorrelated,,reduce(lambda m,n: m if (m > n) else n, L),,Master in Statistics,Kuangyi Yang,A53083212,kuy006@ucsd.edu,sum(map(lambda i : i*i , L)),filter(lambda i: i <= 4, L)
Exception: 
3/12/2016 2:02:49,,4n,9,Dependent and uncorrelated,,reduce(lambda a,b: a if (a > b) else b, L)
,,MS,SRIRAM MANOHAR,A53100761,srmanoha@eng.ucsd.edu,reduce(lambda x,y: x+y*y,L),filter(lambda x: x < a, L)
Exception: 
3/12/2016 2:07:00,,4n,9,Dependent and uncorrelated,,reduce(lambda m,n: m if (m > n) else n, L),,MSc 2nd year,Nasha Zhai,A53082522,nzhai@ucsd.edu,sum(map(lambda i: i*i, L)),filter(lambda i: i <=4, L)
Exception: 
3/12/2016 2:07:58,,4n,9,Dependent and uncorrelated,,reduce(lambda a,b : a if(a>b) else b,L),,MSc first year,Swetha Krishnakumar,A53087417,swk032@eng.ucsd.edu,reduce(lambda a,b : a+b, map(lambda x: x**2,L),filter(lambda x:x <=a,L)
Exception: 
3/12/2016 2:08:20,,4n,9,Dependent and uncorrelated,,reduce(lambda a,b: a if (a > b) else b, L),,Masters in CS first year,Ramkishore Swaminathan,A53089745,rswamina@eng.ucsd.edu,
reduce(lambda a,b: a+b,map(lambda x: x**2, L)),filter(lambda x: x <= a, L)
Exception: 
3/12/2016 2:13:31,,4n,9,Dependent and uncorrelated,,reduce(lambda a,b: a if (a > b) else b, L),,Masters first year,Sneha Priya Bhattaram,A53092331,spbhatta@eng.ucsd.edu,reduce(lambda a,b: a+b,map(lambda x: x**2, L)),
filter(lambda x: x <= a, L)
Exception: 
3/12/2016 2:57:54,,4n,9,Dependent and correlated,,reduce(lambda a,b: a if (a>b) else b, L),,MS - First year,Anshul Jain,A53096750,anj026@eng.ucsd.edu,reduce(lambda x,y: x+y, map(lambda x,y: x*y, L, L)),filter(lambda x: x >=a, L)
Exception: 
3/13/2016 1:02:21,,4n,5,Independent and uncorrelated,,largest = reduce (lambda x ,y: x if (x > y) else y, L),,MBA first year,Sabyasachi Nayak,a70001688,sabyasachi.nayak8@gmail.com,sumsq = reduce (lambda x,y: x+y, map [ lambda a : a**2 , L]),smalleq = filter ( lambda x: (lambda a: x<=a) , L)
Exception: 
3/14/2016 18:42:04,,n,3,Dependent and uncorrelated,,reduce(lambda a,b: a if (a > b) else b, L),,the second year master student @CSE,wenjia ouyang,A11069530,weouyang@eng.ucsd.edu,reduce(lambda x, y: x*x+y*y, L),filter(lambda x: ! ( x>a ), L)
