This is pdfTeX, Version 3.1415926-2.4-1.40.13 (TeX Live 2012) (format=pdflatex 2012.6.30)  4 FEB 2015 18:44
entering extended mode
 restricted \write18 enabled.
 %&-line parsing enabled.
**gen2h
(./gen2h.tex
LaTeX2e <2011/06/27>
Babel <v3.8m> and hyphenation patterns for english, dumylang, nohyphenation, ge
rman-x-2012-05-30, ngerman-x-2012-05-30, afrikaans, ancientgreek, ibycus, arabi
c, armenian, basque, bulgarian, catalan, pinyin, coptic, croatian, czech, danis
h, dutch, ukenglish, usenglishmax, esperanto, estonian, ethiopic, farsi, finnis
h, french, friulan, galician, german, ngerman, swissgerman, monogreek, greek, h
ungarian, icelandic, assamese, bengali, gujarati, hindi, kannada, malayalam, ma
rathi, oriya, panjabi, tamil, telugu, indonesian, interlingua, irish, italian, 
kurmanji, latin, latvian, lithuanian, mongolian, mongolianlmc, bokmal, nynorsk,
 polish, portuguese, romanian, romansh, russian, sanskrit, serbian, serbianc, s
lovak, slovenian, spanish, swedish, turkish, turkmen, ukrainian, uppersorbian, 
welsh, loaded.
(/usr/local/texlive/2012/texmf-dist/tex/latex/beamer/beamer.cls
(/usr/local/texlive/2012/texmf-dist/tex/latex/beamer/beamerbasercs.sty
Package: beamerbasercs 2012/06/01 (rcs-revision 352157baec3a)
)
Document Class: beamer 2011/09/12 development version 3.20 A class for typesett
ing presentations (rcs-revision 70f9d8411e54)
(/usr/local/texlive/2012/texmf-dist/tex/latex/beamer/beamerbasemodes.sty
Package: beamerbasemodes 2012/04/15 (rcs-revision cc6557182d97)
\beamer@tempbox=\box26
\beamer@tempcount=\count79
\c@beamerpauses=\count80

(/usr/local/texlive/2012/texmf-dist/tex/latex/beamer/beamerbasedecode.sty
Package: beamerbasedecode 2010/05/01 (rcs-revision efa082c6111d)
\beamer@slideinframe=\count81
\beamer@minimum=\count82
)
\beamer@commentbox=\box27
\beamer@modecount=\count83
)
(/usr/local/texlive/2012/texmf-dist/tex/generic/oberdiek/ifpdf.sty
Package: ifpdf 2011/01/30 v2.3 Provides the ifpdf switch (HO)
Package ifpdf Info: pdfTeX in PDF mode is detected.
)
\headheight=\dimen102
\headdp=\dimen103
\footheight=\dimen104
\sidebarheight=\dimen105
\beamer@tempdim=\dimen106
\beamer@finalheight=\dimen107
\beamer@animht=\dimen108
\beamer@animdp=\dimen109
\beamer@animwd=\dimen110
\beamer@leftmargin=\dimen111
\beamer@rightmargin=\dimen112
\beamer@leftsidebar=\dimen113
\beamer@rightsidebar=\dimen114
\beamer@boxsize=\dimen115
\beamer@vboxoffset=\dimen116
\beamer@descdefault=\dimen117
\beamer@descriptionwidth=\dimen118
\beamer@lastskip=\skip41
\beamer@areabox=\box28
\beamer@animcurrent=\box29
\beamer@animshowbox=\box30
\beamer@sectionbox=\box31
\beamer@logobox=\box32
\beamer@linebox=\box33
\beamer@sectioncount=\count84
\beamer@subsubsectionmax=\count85
\beamer@subsectionmax=\count86
\beamer@sectionmax=\count87
\beamer@totalheads=\count88
\beamer@headcounter=\count89
\beamer@partstartpage=\count90
\beamer@sectionstartpage=\count91
\beamer@subsectionstartpage=\count92
\beamer@animationtempa=\count93
\beamer@animationtempb=\count94
\beamer@xpos=\count95
\beamer@ypos=\count96
\beamer@showpartnumber=\count97
\beamer@currentsubsection=\count98
\beamer@coveringdepth=\count99
\beamer@sectionadjust=\count100
\beamer@tocsectionnumber=\count101

(/usr/local/texlive/2012/texmf-dist/tex/latex/beamer/beamerbaseoptions.sty
Package: beamerbaseoptions 2010/04/27 (rcs-revision 982469101dd6)

(/usr/local/texlive/2012/texmf-dist/tex/latex/graphics/keyval.sty
Package: keyval 1999/03/16 v1.13 key=value parser (DPC)
\KV@toks@=\toks14
))
\beamer@paperwidth=\skip42
\beamer@paperheight=\skip43

(/usr/local/texlive/2012/texmf-dist/tex/latex/geometry/geometry.sty
Package: geometry 2010/09/12 v5.6 Page Geometry

(/usr/local/texlive/2012/texmf-dist/tex/generic/oberdiek/ifvtex.sty
Package: ifvtex 2010/03/01 v1.5 Detect VTeX and its facilities (HO)
Package ifvtex Info: VTeX not detected.
)
(/usr/local/texlive/2012/texmf-dist/tex/generic/ifxetex/ifxetex.sty
Package: ifxetex 2010/09/12 v0.6 Provides ifxetex conditional
)
\Gm@cnth=\count102
\Gm@cntv=\count103
\c@Gm@tempcnt=\count104
\Gm@bindingoffset=\dimen119
\Gm@wd@mp=\dimen120
\Gm@odd@mp=\dimen121
\Gm@even@mp=\dimen122
\Gm@layoutwidth=\dimen123
\Gm@layoutheight=\dimen124
\Gm@layouthoffset=\dimen125
\Gm@layoutvoffset=\dimen126
\Gm@dimlist=\toks15
)
(/usr/local/texlive/2012/texmf-dist/tex/latex/base/size10.clo
File: size10.clo 2007/10/19 v1.4h Standard LaTeX file (size option)
)
(/usr/local/texlive/2012/texmf-dist/tex/latex/pgf/basiclayer/pgfcore.sty
(/usr/local/texlive/2012/texmf-dist/tex/latex/graphics/graphicx.sty
Package: graphicx 1999/02/16 v1.0f Enhanced LaTeX Graphics (DPC,SPQR)

(/usr/local/texlive/2012/texmf-dist/tex/latex/graphics/graphics.sty
Package: graphics 2009/02/05 v1.0o Standard LaTeX Graphics (DPC,SPQR)

(/usr/local/texlive/2012/texmf-dist/tex/latex/graphics/trig.sty
Package: trig 1999/03/16 v1.09 sin cos tan (DPC)
)
(/usr/local/texlive/2012/texmf-dist/tex/latex/latexconfig/graphics.cfg
File: graphics.cfg 2010/04/23 v1.9 graphics configuration of TeX Live
)
Package graphics Info: Driver file: pdftex.def on input line 91.

(/usr/local/texlive/2012/texmf-dist/tex/latex/pdftex-def/pdftex.def
File: pdftex.def 2011/05/27 v0.06d Graphics/color for pdfTeX

(/usr/local/texlive/2012/texmf-dist/tex/generic/oberdiek/infwarerr.sty
Package: infwarerr 2010/04/08 v1.3 Providing info/warning/error messages (HO)
)
(/usr/local/texlive/2012/texmf-dist/tex/generic/oberdiek/ltxcmds.sty
Package: ltxcmds 2011/11/09 v1.22 LaTeX kernel commands for general use (HO)
)
\Gread@gobject=\count105
))
\Gin@req@height=\dimen127
\Gin@req@width=\dimen128
)
(/usr/local/texlive/2012/texmf-dist/tex/latex/pgf/systemlayer/pgfsys.sty
(/usr/local/texlive/2012/texmf-dist/tex/latex/pgf/utilities/pgfrcs.sty
(/usr/local/texlive/2012/texmf-dist/tex/generic/pgf/utilities/pgfutil-common.te
x
\pgfutil@everybye=\toks16
)
(/usr/local/texlive/2012/texmf-dist/tex/generic/pgf/utilities/pgfutil-latex.def
\pgfutil@abb=\box34
(/usr/local/texlive/2012/texmf-dist/tex/latex/ms/everyshi.sty
Package: everyshi 2001/05/15 v3.00 EveryShipout Package (MS)
))
(/usr/local/texlive/2012/texmf-dist/tex/generic/pgf/utilities/pgfrcs.code.tex
Package: pgfrcs 2010/10/25 v2.10 (rcs-revision 1.24)
))
(/usr/local/texlive/2012/texmf-dist/tex/generic/pgf/systemlayer/pgfsys.code.tex
Package: pgfsys 2010/06/30 v2.10 (rcs-revision 1.37)
(/usr/local/texlive/2012/texmf-dist/tex/generic/pgf/utilities/pgfkeys.code.tex
\pgfkeys@pathtoks=\toks17
\pgfkeys@temptoks=\toks18

(/usr/local/texlive/2012/texmf-dist/tex/generic/pgf/utilities/pgfkeysfiltered.c
ode.tex
\pgfkeys@tmptoks=\toks19
))
\pgf@x=\dimen129
\pgf@y=\dimen130
\pgf@xa=\dimen131
\pgf@ya=\dimen132
\pgf@xb=\dimen133
\pgf@yb=\dimen134
\pgf@xc=\dimen135
\pgf@yc=\dimen136
\w@pgf@writea=\write3
\r@pgf@reada=\read1
\c@pgf@counta=\count106
\c@pgf@countb=\count107
\c@pgf@countc=\count108
\c@pgf@countd=\count109

(/usr/local/texlive/2012/texmf-dist/tex/generic/pgf/systemlayer/pgf.cfg
File: pgf.cfg 2008/05/14  (rcs-revision 1.7)
)
Package pgfsys Info: Driver file for pgf: pgfsys-pdftex.def on input line 900.

(/usr/local/texlive/2012/texmf-dist/tex/generic/pgf/systemlayer/pgfsys-pdftex.d
ef
File: pgfsys-pdftex.def 2009/05/22  (rcs-revision 1.26)

(/usr/local/texlive/2012/texmf-dist/tex/generic/pgf/systemlayer/pgfsys-common-p
df.def
File: pgfsys-common-pdf.def 2008/05/19  (rcs-revision 1.10)
)))
(/usr/local/texlive/2012/texmf-dist/tex/generic/pgf/systemlayer/pgfsyssoftpath.
code.tex
File: pgfsyssoftpath.code.tex 2008/07/18  (rcs-revision 1.7)
\pgfsyssoftpath@smallbuffer@items=\count110
\pgfsyssoftpath@bigbuffer@items=\count111
)
(/usr/local/texlive/2012/texmf-dist/tex/generic/pgf/systemlayer/pgfsysprotocol.
code.tex
File: pgfsysprotocol.code.tex 2006/10/16  (rcs-revision 1.4)
)) (/usr/local/texlive/2012/texmf-dist/tex/latex/xcolor/xcolor.sty
Package: xcolor 2007/01/21 v2.11 LaTeX color extensions (UK)

(/usr/local/texlive/2012/texmf-dist/tex/latex/latexconfig/color.cfg
File: color.cfg 2007/01/18 v1.5 color configuration of teTeX/TeXLive
)
Package xcolor Info: Driver file: pdftex.def on input line 225.
Package xcolor Info: Model `cmy' substituted by `cmy0' on input line 1337.
Package xcolor Info: Model `hsb' substituted by `rgb' on input line 1341.
Package xcolor Info: Model `RGB' extended on input line 1353.
Package xcolor Info: Model `HTML' substituted by `rgb' on input line 1355.
Package xcolor Info: Model `Hsb' substituted by `hsb' on input line 1356.
Package xcolor Info: Model `tHsb' substituted by `hsb' on input line 1357.
Package xcolor Info: Model `HSB' substituted by `hsb' on input line 1358.
Package xcolor Info: Model `Gray' substituted by `gray' on input line 1359.
Package xcolor Info: Model `wave' substituted by `hsb' on input line 1360.
)
(/usr/local/texlive/2012/texmf-dist/tex/generic/pgf/basiclayer/pgfcore.code.tex
Package: pgfcore 2010/04/11 v2.10 (rcs-revision 1.7)
(/usr/local/texlive/2012/texmf-dist/tex/generic/pgf/math/pgfmath.code.tex
(/usr/local/texlive/2012/texmf-dist/tex/generic/pgf/math/pgfmathcalc.code.tex
(/usr/local/texlive/2012/texmf-dist/tex/generic/pgf/math/pgfmathutil.code.tex)
(/usr/local/texlive/2012/texmf-dist/tex/generic/pgf/math/pgfmathparser.code.tex
\pgfmath@dimen=\dimen137
\pgfmath@count=\count112
\pgfmath@box=\box35
\pgfmath@toks=\toks20
\pgfmath@stack@operand=\toks21
\pgfmath@stack@operation=\toks22
)
(/usr/local/texlive/2012/texmf-dist/tex/generic/pgf/math/pgfmathfunctions.code.
tex
(/usr/local/texlive/2012/texmf-dist/tex/generic/pgf/math/pgfmathfunctions.basic
.code.tex)
(/usr/local/texlive/2012/texmf-dist/tex/generic/pgf/math/pgfmathfunctions.trigo
nometric.code.tex)
(/usr/local/texlive/2012/texmf-dist/tex/generic/pgf/math/pgfmathfunctions.rando
m.code.tex)
(/usr/local/texlive/2012/texmf-dist/tex/generic/pgf/math/pgfmathfunctions.compa
rison.code.tex)
(/usr/local/texlive/2012/texmf-dist/tex/generic/pgf/math/pgfmathfunctions.base.
code.tex)
(/usr/local/texlive/2012/texmf-dist/tex/generic/pgf/math/pgfmathfunctions.round
.code.tex)
(/usr/local/texlive/2012/texmf-dist/tex/generic/pgf/math/pgfmathfunctions.misc.
code.tex)))
(/usr/local/texlive/2012/texmf-dist/tex/generic/pgf/math/pgfmathfloat.code.tex
\c@pgfmathroundto@lastzeros=\count113
))
(/usr/local/texlive/2012/texmf-dist/tex/generic/pgf/basiclayer/pgfcorepoints.co
de.tex
File: pgfcorepoints.code.tex 2010/04/09  (rcs-revision 1.20)
\pgf@picminx=\dimen138
\pgf@picmaxx=\dimen139
\pgf@picminy=\dimen140
\pgf@picmaxy=\dimen141
\pgf@pathminx=\dimen142
\pgf@pathmaxx=\dimen143
\pgf@pathminy=\dimen144
\pgf@pathmaxy=\dimen145
\pgf@xx=\dimen146
\pgf@xy=\dimen147
\pgf@yx=\dimen148
\pgf@yy=\dimen149
\pgf@zx=\dimen150
\pgf@zy=\dimen151
)
(/usr/local/texlive/2012/texmf-dist/tex/generic/pgf/basiclayer/pgfcorepathconst
ruct.code.tex
File: pgfcorepathconstruct.code.tex 2010/08/03  (rcs-revision 1.24)
\pgf@path@lastx=\dimen152
\pgf@path@lasty=\dimen153
)
(/usr/local/texlive/2012/texmf-dist/tex/generic/pgf/basiclayer/pgfcorepathusage
.code.tex
File: pgfcorepathusage.code.tex 2008/04/22  (rcs-revision 1.12)
\pgf@shorten@end@additional=\dimen154
\pgf@shorten@start@additional=\dimen155
)
(/usr/local/texlive/2012/texmf-dist/tex/generic/pgf/basiclayer/pgfcorescopes.co
de.tex
File: pgfcorescopes.code.tex 2010/09/08  (rcs-revision 1.34)
\pgfpic=\box36
\pgf@hbox=\box37
\pgf@layerbox@main=\box38
\pgf@picture@serial@count=\count114
)
(/usr/local/texlive/2012/texmf-dist/tex/generic/pgf/basiclayer/pgfcoregraphicst
ate.code.tex
File: pgfcoregraphicstate.code.tex 2008/04/22  (rcs-revision 1.9)
\pgflinewidth=\dimen156
)
(/usr/local/texlive/2012/texmf-dist/tex/generic/pgf/basiclayer/pgfcoretransform
ations.code.tex
File: pgfcoretransformations.code.tex 2009/06/10  (rcs-revision 1.11)
\pgf@pt@x=\dimen157
\pgf@pt@y=\dimen158
\pgf@pt@temp=\dimen159
)
(/usr/local/texlive/2012/texmf-dist/tex/generic/pgf/basiclayer/pgfcorequick.cod
e.tex
File: pgfcorequick.code.tex 2008/10/09  (rcs-revision 1.3)
)
(/usr/local/texlive/2012/texmf-dist/tex/generic/pgf/basiclayer/pgfcoreobjects.c
ode.tex
File: pgfcoreobjects.code.tex 2006/10/11  (rcs-revision 1.2)
)
(/usr/local/texlive/2012/texmf-dist/tex/generic/pgf/basiclayer/pgfcorepathproce
ssing.code.tex
File: pgfcorepathprocessing.code.tex 2008/10/09  (rcs-revision 1.8)
)
(/usr/local/texlive/2012/texmf-dist/tex/generic/pgf/basiclayer/pgfcorearrows.co
de.tex
File: pgfcorearrows.code.tex 2008/04/23  (rcs-revision 1.11)
)
(/usr/local/texlive/2012/texmf-dist/tex/generic/pgf/basiclayer/pgfcoreshade.cod
e.tex
File: pgfcoreshade.code.tex 2008/11/23  (rcs-revision 1.13)
\pgf@max=\dimen160
\pgf@sys@shading@range@num=\count115
)
(/usr/local/texlive/2012/texmf-dist/tex/generic/pgf/basiclayer/pgfcoreimage.cod
e.tex
File: pgfcoreimage.code.tex 2010/03/25  (rcs-revision 1.16)

(/usr/local/texlive/2012/texmf-dist/tex/generic/pgf/basiclayer/pgfcoreexternal.
code.tex
File: pgfcoreexternal.code.tex 2010/09/01  (rcs-revision 1.17)
\pgfexternal@startupbox=\box39
))
(/usr/local/texlive/2012/texmf-dist/tex/generic/pgf/basiclayer/pgfcorelayers.co
de.tex
File: pgfcorelayers.code.tex 2010/08/27  (rcs-revision 1.2)
)
(/usr/local/texlive/2012/texmf-dist/tex/generic/pgf/basiclayer/pgfcoretranspare
ncy.code.tex
File: pgfcoretransparency.code.tex 2008/01/17  (rcs-revision 1.2)
)
(/usr/local/texlive/2012/texmf-dist/tex/generic/pgf/basiclayer/pgfcorepatterns.
code.tex
File: pgfcorepatterns.code.tex 2009/07/02  (rcs-revision 1.3)
)))
(/usr/local/texlive/2012/texmf-dist/tex/latex/pgf/utilities/xxcolor.sty
Package: xxcolor 2003/10/24 ver 0.1
\XC@nummixins=\count116
\XC@countmixins=\count117
)
(/usr/local/texlive/2012/texmf-dist/tex/latex/hyperref/hyperref.sty
Package: hyperref 2012/05/13 v6.82q Hypertext links for LaTeX

(/usr/local/texlive/2012/texmf-dist/tex/generic/oberdiek/hobsub-hyperref.sty
Package: hobsub-hyperref 2012/05/28 v1.13 Bundle oberdiek, subset hyperref (HO)


(/usr/local/texlive/2012/texmf-dist/tex/generic/oberdiek/hobsub-generic.sty
Package: hobsub-generic 2012/05/28 v1.13 Bundle oberdiek, subset generic (HO)
Package: hobsub 2012/05/28 v1.13 Construct package bundles (HO)
Package hobsub Info: Skipping package `infwarerr' (already loaded).
Package hobsub Info: Skipping package `ltxcmds' (already loaded).
Package: ifluatex 2010/03/01 v1.3 Provides the ifluatex switch (HO)
Package ifluatex Info: LuaTeX not detected.
Package hobsub Info: Skipping package `ifvtex' (already loaded).
Package: intcalc 2007/09/27 v1.1 Expandable calculations with integers (HO)
Package hobsub Info: Skipping package `ifpdf' (already loaded).
Package: etexcmds 2011/02/16 v1.5 Avoid name clashes with e-TeX commands (HO)
Package etexcmds Info: Could not find \expanded.
(etexcmds)             That can mean that you are not using pdfTeX 1.50 or
(etexcmds)             that some package has redefined \expanded.
(etexcmds)             In the latter case, load this package earlier.
Package: kvsetkeys 2012/04/25 v1.16 Key value parser (HO)
Package: kvdefinekeys 2011/04/07 v1.3 Define keys (HO)
Package: pdftexcmds 2011/11/29 v0.20 Utility functions of pdfTeX for LuaTeX (HO
)
Package pdftexcmds Info: LuaTeX not detected.
Package pdftexcmds Info: \pdf@primitive is available.
Package pdftexcmds Info: \pdf@ifprimitive is available.
Package pdftexcmds Info: \pdfdraftmode found.
Package: pdfescape 2011/11/25 v1.13 Implements pdfTeX's escape features (HO)
Package: bigintcalc 2012/04/08 v1.3 Expandable calculations on big integers (HO
)
Package: bitset 2011/01/30 v1.1 Handle bit-vector datatype (HO)
Package: uniquecounter 2011/01/30 v1.2 Provide unlimited unique counter (HO)
)
Package hobsub Info: Skipping package `hobsub' (already loaded).
Package: letltxmacro 2010/09/02 v1.4 Let assignment for LaTeX macros (HO)
Package: hopatch 2012/05/28 v1.2 Wrapper for package hooks (HO)
Package: xcolor-patch 2011/01/30 xcolor patch
Package: atveryend 2011/06/30 v1.8 Hooks at the very end of document (HO)
Package atveryend Info: \enddocument detected (standard20110627).
Package: atbegshi 2011/10/05 v1.16 At begin shipout hook (HO)
Package: refcount 2011/10/16 v3.4 Data extraction from label references (HO)
Package: hycolor 2011/01/30 v1.7 Color options for hyperref/bookmark (HO)
)
(/usr/local/texlive/2012/texmf-dist/tex/latex/oberdiek/kvoptions.sty
Package: kvoptions 2011/06/30 v3.11 Key value format for package options (HO)
)
\@linkdim=\dimen161
\Hy@linkcounter=\count118
\Hy@pagecounter=\count119

(/usr/local/texlive/2012/texmf-dist/tex/latex/hyperref/pd1enc.def
File: pd1enc.def 2012/05/13 v6.82q Hyperref: PDFDocEncoding definition (HO)
)
\Hy@SavedSpaceFactor=\count120

(/usr/local/texlive/2012/texmf-dist/tex/latex/latexconfig/hyperref.cfg
File: hyperref.cfg 2002/06/06 v1.2 hyperref configuration of TeXLive
)
Package hyperref Info: Option `bookmarks' set `true' on input line 3941.
Package hyperref Info: Option `bookmarksopen' set `true' on input line 3941.
Package hyperref Info: Option `implicit' set `false' on input line 3941.
Package hyperref Info: Hyper figures OFF on input line 4062.
Package hyperref Info: Link nesting OFF on input line 4067.
Package hyperref Info: Hyper index ON on input line 4070.
Package hyperref Info: Plain pages OFF on input line 4077.
Package hyperref Info: Backreferencing OFF on input line 4082.
Package hyperref Info: Implicit mode OFF; no redefinition of LaTeX internals.
Package hyperref Info: Bookmarks ON on input line 4300.
\c@Hy@tempcnt=\count121

(/usr/local/texlive/2012/texmf-dist/tex/latex/url/url.sty
\Urlmuskip=\muskip10
Package: url 2006/04/12  ver 3.3  Verb mode for urls, etc.
)
LaTeX Info: Redefining \url on input line 4653.
\Fld@menulength=\count122
\Field@Width=\dimen162
\Fld@charsize=\dimen163
Package hyperref Info: Hyper figures OFF on input line 5773.
Package hyperref Info: Link nesting OFF on input line 5778.
Package hyperref Info: Hyper index ON on input line 5781.
Package hyperref Info: backreferencing OFF on input line 5788.
Package hyperref Info: Link coloring OFF on input line 5793.
Package hyperref Info: Link coloring with OCG OFF on input line 5798.
Package hyperref Info: PDF/A mode OFF on input line 5803.
LaTeX Info: Redefining \ref on input line 5843.
LaTeX Info: Redefining \pageref on input line 5847.
\Hy@abspage=\count123


Package hyperref Message: Stopped early.

)

Package hyperref Message: Driver (autodetected): hpdftex.

(/usr/local/texlive/2012/texmf-dist/tex/latex/hyperref/hpdftex.def
File: hpdftex.def 2012/05/13 v6.82q Hyperref driver for pdfTeX
\Fld@listcount=\count124
\c@bookmark@seq@number=\count125

(/usr/local/texlive/2012/texmf-dist/tex/latex/oberdiek/rerunfilecheck.sty
Package: rerunfilecheck 2011/04/15 v1.7 Rerun checks for auxiliary files (HO)
Package uniquecounter Info: New unique counter `rerunfilecheck' on input line 2
82.
))
(/usr/local/texlive/2012/texmf-dist/tex/latex/beamer/beamerbaserequires.sty
Package: beamerbaserequires 2010/05/01  (rcs-revision efa082c6111d)

(/usr/local/texlive/2012/texmf-dist/tex/latex/beamer/beamerbasecompatibility.st
y
Package: beamerbasecompatibility 2012/05/01  (rcs-revision 67c48b3b652d)
) (/usr/local/texlive/2012/texmf-dist/tex/latex/beamer/beamerbasefont.sty
Package: beamerbasefont 2012/05/10  (rcs-revision a0b4f9f91ee9)

(/usr/local/texlive/2012/texmf-dist/tex/latex/amsfonts/amssymb.sty
Package: amssymb 2009/06/22 v3.00

(/usr/local/texlive/2012/texmf-dist/tex/latex/amsfonts/amsfonts.sty
Package: amsfonts 2009/06/22 v3.00 Basic AMSFonts support
\@emptytoks=\toks23
\symAMSa=\mathgroup4
\symAMSb=\mathgroup5
LaTeX Font Info:    Overwriting math alphabet `\mathfrak' in version `bold'
(Font)                  U/euf/m/n --> U/euf/b/n on input line 96.
))
(/usr/local/texlive/2012/texmf-dist/tex/latex/sansmathaccent/sansmathaccent.sty
Package: sansmathaccent 2012/04/26
))
(/usr/local/texlive/2012/texmf-dist/tex/latex/beamer/beamerbasetranslator.sty
Package: beamerbasetranslator 2010/06/11  (rcs-revision 85fd1cc7fc42)

(/usr/local/texlive/2012/texmf-dist/tex/latex/beamer/translator/translator.sty
Package: translator 2010/06/12 ver 1.10

(/usr/local/texlive/2012/texmf-dist/tex/latex/beamer/translator/translator-lang
uage-mappings.tex)))
(/usr/local/texlive/2012/texmf-dist/tex/latex/beamer/beamerbasemisc.sty
Package: beamerbasemisc 2012/02/24  (rcs-revision 2ff5461be705)
)
(/usr/local/texlive/2012/texmf-dist/tex/latex/beamer/beamerbasetwoscreens.sty
Package: beamerbasetwoscreens 2010/05/01  (rcs-revision efa082c6111d)
)
(/usr/local/texlive/2012/texmf-dist/tex/latex/beamer/beamerbaseoverlay.sty
Package: beamerbaseoverlay 2012/04/03  (rcs-revision 45744d9ae88b)
\beamer@argscount=\count126
\beamer@lastskipcover=\skip44
\beamer@trivlistdepth=\count127
)
(/usr/local/texlive/2012/texmf-dist/tex/latex/beamer/beamerbasetitle.sty
Package: beamerbasetitle 2010/09/21  (rcs-revision f0446ed0b6ae)
)
(/usr/local/texlive/2012/texmf-dist/tex/latex/beamer/beamerbasesection.sty
Package: beamerbasesection 2012/05/30  (rcs-revision 22ff49def670)
\c@lecture=\count128
\c@part=\count129
\c@section=\count130
\c@subsection=\count131
\c@subsubsection=\count132
)
(/usr/local/texlive/2012/texmf-dist/tex/latex/beamer/beamerbaseframe.sty
Package: beamerbaseframe 2012/05/31  (rcs-revision 5fc3b3dbfeba)
\beamer@framebox=\box40
\beamer@frametitlebox=\box41
\beamer@zoombox=\box42
\beamer@zoomcount=\count133
\beamer@zoomframecount=\count134
\beamer@frametextheight=\dimen164
\c@subsectionslide=\count135
\beamer@frametopskip=\skip45
\beamer@framebottomskip=\skip46
\beamer@frametopskipautobreak=\skip47
\beamer@framebottomskipautobreak=\skip48
\beamer@envbody=\toks24
\c@framenumber=\count136
)
(/usr/local/texlive/2012/texmf-dist/tex/latex/beamer/beamerbaseverbatim.sty
Package: beamerbaseverbatim 2011/09/12  (rcs-revision 70f9d8411e54)
\beamer@verbatimfileout=\write4
)
(/usr/local/texlive/2012/texmf-dist/tex/latex/beamer/beamerbaseframesize.sty
Package: beamerbaseframesize 2011/09/12  (rcs-revision 70f9d8411e54)
\beamer@splitbox=\box43
\beamer@autobreakcount=\count137
\beamer@autobreaklastheight=\dimen165
\beamer@frametitletoks=\toks25
\beamer@framesubtitletoks=\toks26
)
(/usr/local/texlive/2012/texmf-dist/tex/latex/beamer/beamerbaseframecomponents.
sty
Package: beamerbaseframecomponents 2012/03/07  (rcs-revision 9f094699ce15)
\beamer@footins=\box44
) (/usr/local/texlive/2012/texmf-dist/tex/latex/beamer/beamerbasecolor.sty
Package: beamerbasecolor 2010/06/06  (rcs-revision d1a9b48be06d)
)
(/usr/local/texlive/2012/texmf-dist/tex/latex/beamer/beamerbasenotes.sty
Package: beamerbasenotes 2010/05/01  (rcs-revision efa082c6111d)
\beamer@frameboxcopy=\box45
)
(/usr/local/texlive/2012/texmf-dist/tex/latex/beamer/beamerbasetoc.sty
Package: beamerbasetoc 2012/02/28  (rcs-revision 138681b92320)
)
(/usr/local/texlive/2012/texmf-dist/tex/latex/beamer/beamerbasetemplates.sty
Package: beamerbasetemplates 2010/05/01  (rcs-revision efa082c6111d)
\beamer@sbttoks=\toks27

(/usr/local/texlive/2012/texmf-dist/tex/latex/beamer/beamerbaseauxtemplates.sty
Package: beamerbaseauxtemplates 2012/05/01  (rcs-revision 67c48b3b652d)
(/usr/local/texlive/2012/texmf-dist/tex/latex/beamer/beamerbaseboxes.sty
Package: beamerbaseboxes 2012/05/13  (rcs-revision 56972908a390)
\bmb@box=\box46
\bmb@colorbox=\box47
\bmb@boxshadow=\box48
\bmb@boxshadowball=\box49
\bmb@boxshadowballlarge=\box50
\bmb@temp=\dimen166
\bmb@dima=\dimen167
\bmb@dimb=\dimen168
\bmb@prevheight=\dimen169
)
\beamer@blockheadheight=\dimen170
))
(/usr/local/texlive/2012/texmf-dist/tex/latex/beamer/beamerbaselocalstructure.s
ty
Package: beamerbaselocalstructure 2012/05/25  (rcs-revision 5ff5e8ed7c0e)
 (/usr/local/texlive/2012/texmf-dist/tex/latex/tools/enumerate.sty
Package: enumerate 1999/03/05 v3.00 enumerate extensions (DPC)
\@enLab=\toks28
)
\c@figure=\count138
\c@table=\count139
\abovecaptionskip=\skip49
\belowcaptionskip=\skip50
)
(/usr/local/texlive/2012/texmf-dist/tex/latex/beamer/beamerbasenavigation.sty
Package: beamerbasenavigation 2012/04/03  (rcs-revision 42a0f21a412d)
\beamer@section@min@dim=\dimen171
)
(/usr/local/texlive/2012/texmf-dist/tex/latex/beamer/beamerbasetheorems.sty
Package: beamerbasetheorems 2010/06/06  (rcs-revision 7e7cc5e53e9d)

(/usr/local/texlive/2012/texmf-dist/tex/latex/amsmath/amsmath.sty
Package: amsmath 2000/07/18 v2.13 AMS math features
\@mathmargin=\skip51

For additional information on amsmath, use the `?' option.
(/usr/local/texlive/2012/texmf-dist/tex/latex/amsmath/amstext.sty
Package: amstext 2000/06/29 v2.01

(/usr/local/texlive/2012/texmf-dist/tex/latex/amsmath/amsgen.sty
File: amsgen.sty 1999/11/30 v2.0
\@emptytoks=\toks29
\ex@=\dimen172
))
(/usr/local/texlive/2012/texmf-dist/tex/latex/amsmath/amsbsy.sty
Package: amsbsy 1999/11/29 v1.2d
\pmbraise@=\dimen173
)
(/usr/local/texlive/2012/texmf-dist/tex/latex/amsmath/amsopn.sty
Package: amsopn 1999/12/14 v2.01 operator names
)
\inf@bad=\count140
LaTeX Info: Redefining \frac on input line 211.
\uproot@=\count141
\leftroot@=\count142
LaTeX Info: Redefining \overline on input line 307.
\classnum@=\count143
\DOTSCASE@=\count144
LaTeX Info: Redefining \ldots on input line 379.
LaTeX Info: Redefining \dots on input line 382.
LaTeX Info: Redefining \cdots on input line 467.
\Mathstrutbox@=\box51
\strutbox@=\box52
\big@size=\dimen174
LaTeX Font Info:    Redeclaring font encoding OML on input line 567.
LaTeX Font Info:    Redeclaring font encoding OMS on input line 568.
\macc@depth=\count145
\c@MaxMatrixCols=\count146
\dotsspace@=\muskip11
\c@parentequation=\count147
\dspbrk@lvl=\count148
\tag@help=\toks30
\row@=\count149
\column@=\count150
\maxfields@=\count151
\andhelp@=\toks31
\eqnshift@=\dimen175
\alignsep@=\dimen176
\tagshift@=\dimen177
\tagwidth@=\dimen178
\totwidth@=\dimen179
\lineht@=\dimen180
\@envbody=\toks32
\multlinegap=\skip52
\multlinetaggap=\skip53
\mathdisplay@stack=\toks33
LaTeX Info: Redefining \[ on input line 2666.
LaTeX Info: Redefining \] on input line 2667.
)
(/usr/local/texlive/2012/texmf-dist/tex/latex/amscls/amsthm.sty
Package: amsthm 2009/07/02 v2.20.1
\thm@style=\toks34
\thm@bodyfont=\toks35
\thm@headfont=\toks36
\thm@notefont=\toks37
\thm@headpunct=\toks38
\thm@preskip=\skip54
\thm@postskip=\skip55
\thm@headsep=\skip56
\dth@everypar=\toks39
)
\c@theorem=\count152
)
(/usr/local/texlive/2012/texmf-dist/tex/latex/beamer/beamerbasethemes.sty
Package: beamerbasethemes 2010/05/01  (rcs-revision efa082c6111d)
))
(/usr/local/texlive/2012/texmf-dist/tex/latex/beamer/themes/theme/beamerthemede
fault.sty
Package: beamerthemedefault 2010/06/17  (rcs-revision d02a7cf4d8ae)

(/usr/local/texlive/2012/texmf-dist/tex/latex/beamer/themes/font/beamerfontthem
edefault.sty
Package: beamerfontthemedefault 2010/06/17  (rcs-revision d02a7cf4d8ae)
)
(/usr/local/texlive/2012/texmf-dist/tex/latex/beamer/themes/color/beamercolorth
emedefault.sty
Package: beamercolorthemedefault 2010/06/17  (rcs-revision d02a7cf4d8ae)
)
(/usr/local/texlive/2012/texmf-dist/tex/latex/beamer/themes/inner/beamerinnerth
emedefault.sty
Package: beamerinnerthemedefault 2012/05/01  (rcs-revision 67c48b3b652d)
\beamer@dima=\dimen181
\beamer@dimb=\dimen182
)
(/usr/local/texlive/2012/texmf-dist/tex/latex/beamer/themes/outer/beamerouterth
emedefault.sty
Package: beamerouterthemedefault 2010/06/17  (rcs-revision d02a7cf4d8ae)
)))
(/usr/local/texlive/2012/texmf-dist/tex/latex/graphics/epsfig.sty
Package: epsfig 1999/02/16 v1.7a (e)psfig emulation (SPQR)
\epsfxsize=\dimen183
\epsfysize=\dimen184
)
(/usr/local/texlive/2012/texmf-dist/tex/latex/pgf/utilities/pgfpages.sty
Package: pgfpages 2004/11/05 ver 0.01

(/usr/local/texlive/2012/texmf-dist/tex/latex/tools/calc.sty
Package: calc 2007/08/22 v4.3 Infix arithmetic (KKT,FJ)
\calc@Acount=\count153
\calc@Bcount=\count154
\calc@Adimen=\dimen185
\calc@Bdimen=\dimen186
\calc@Askip=\skip57
\calc@Bskip=\skip58
LaTeX Info: Redefining \setlength on input line 76.
LaTeX Info: Redefining \addtolength on input line 77.
\calc@Ccount=\count155
\calc@Cskip=\skip59
)
\pgf@logicalpages=\count156
\pgf@firstshipout=\count157
\pgf@lastshipout=\count158
\pgf@currentshipout=\count159
\pgf@cpn=\count160
\pgf@shipoutnextto=\count161
\pgfphysicalheight=\dimen187
\pgfphysicalwidth=\dimen188
\pgfpages@shipoutbox=\box53
)
\pgfpages@box@1=\box54
\pgfpages@box@2=\box55
\pgfpages@box@3=\box56
\pgfpages@box@4=\box57

(/usr/local/texlive/2012/texmf-dist/tex/generic/babel/babel.sty
Package: babel 2008/07/08 v3.8m The Babel package

(/usr/local/texlive/2012/texmf-dist/tex/generic/babel/english.ldf
Language: english 2005/03/30 v3.3o English support from the babel system

(/usr/local/texlive/2012/texmf-dist/tex/generic/babel/babel.def
File: babel.def 2008/07/08 v3.8m Babel common definitions
LaTeX Info: Redefining \textlatin on input line 82.
\babel@savecnt=\count162
\U@D=\dimen189
)
\l@canadian = a dialect from \language\l@american 
\l@australian = a dialect from \language\l@british 
\l@newzealand = a dialect from \language\l@british 
))
(/usr/local/texlive/2012/texmf-dist/tex/latex/beamer/themes/inner/beamerinnerth
emecircles.sty
Package: beamerinnerthemecircles 2010/06/17  (rcs-revision d02a7cf4d8ae)
)
(/usr/local/texlive/2012/texmf-dist/tex/latex/beamer/themes/font/beamerfontthem
estructurebold.sty
Package: beamerfontthemestructurebold 2010/06/17  (rcs-revision d02a7cf4d8ae)
)
No file gen2h.aux.
\openout1 = `gen2h.aux'.

LaTeX Font Info:    Checking defaults for OML/cmm/m/it on input line 85.
LaTeX Font Info:    ... okay on input line 85.
LaTeX Font Info:    Checking defaults for T1/cmr/m/n on input line 85.
LaTeX Font Info:    ... okay on input line 85.
LaTeX Font Info:    Checking defaults for OT1/cmr/m/n on input line 85.
LaTeX Font Info:    ... okay on input line 85.
LaTeX Font Info:    Checking defaults for OMS/cmsy/m/n on input line 85.
LaTeX Font Info:    ... okay on input line 85.
LaTeX Font Info:    Checking defaults for OMX/cmex/m/n on input line 85.
LaTeX Font Info:    ... okay on input line 85.
LaTeX Font Info:    Checking defaults for U/cmr/m/n on input line 85.
LaTeX Font Info:    ... okay on input line 85.
LaTeX Font Info:    Checking defaults for PD1/pdf/m/n on input line 85.
LaTeX Font Info:    ... okay on input line 85.
*geometry* driver: auto-detecting
*geometry* detected driver: pdftex
*geometry* verbose mode - [ preamble ] result:
* driver: pdftex
* paper: custom
* layout: <same size as paper>
* layoutoffset:(h,v)=(0.0pt,0.0pt)
* modes: includehead includefoot 
* h-part:(L,W,R)=(28.45274pt, 307.28987pt, 28.45274pt)
* v-part:(T,H,B)=(0.0pt, 273.14662pt, 0.0pt)
* \paperwidth=364.19536pt
* \paperheight=273.14662pt
* \textwidth=307.28987pt
* \textheight=244.6939pt
* \oddsidemargin=-43.81725pt
* \evensidemargin=-43.81725pt
* \topmargin=-72.26999pt
* \headheight=14.22636pt
* \headsep=0.0pt
* \topskip=10.0pt
* \footskip=14.22636pt
* \marginparwidth=3.0pt
* \marginparsep=11.0pt
* \columnsep=10.0pt
* \skip\footins=9.0pt plus 4.0pt minus 2.0pt
* \hoffset=0.0pt
* \voffset=0.0pt
* \mag=1000
* \@twocolumnfalse
* \@twosidefalse
* \@mparswitchfalse
* \@reversemarginfalse
* (1in=72.27pt=25.4mm, 1cm=28.453pt)

(/usr/local/texlive/2012/texmf-dist/tex/context/base/supp-pdf.mkii
[Loading MPS to PDF converter (version 2006.09.02).]
\scratchcounter=\count163
\scratchdimen=\dimen190
\scratchbox=\box58
\nofMPsegments=\count164
\nofMParguments=\count165
\everyMPshowfont=\toks40
\MPscratchCnt=\count166
\MPscratchDim=\dimen191
\MPnumerator=\count167
\makeMPintoPDFobject=\count168
\everyMPtoPDFconversion=\toks41
) (/usr/local/texlive/2012/texmf-dist/tex/latex/oberdiek/epstopdf-base.sty
Package: epstopdf-base 2010/02/09 v2.5 Base part for package epstopdf

(/usr/local/texlive/2012/texmf-dist/tex/latex/oberdiek/grfext.sty
Package: grfext 2010/08/19 v1.1 Manage graphics extensions (HO)
)
Package grfext Info: Graphics extension search list:
(grfext)             [.png,.pdf,.jpg,.mps,.jpeg,.jbig2,.jb2,.PNG,.PDF,.JPG,.JPE
G,.JBIG2,.JB2,.eps]
(grfext)             \AppendGraphicsExtensions on input line 452.

(/usr/local/texlive/2012/texmf-dist/tex/latex/latexconfig/epstopdf-sys.cfg
File: epstopdf-sys.cfg 2010/07/13 v1.3 Configuration of (r)epstopdf for TeX Liv
e
))
ABD: EveryShipout initializing macros
\AtBeginShipoutBox=\box59
Package hyperref Info: Link coloring OFF on input line 85.

(/usr/local/texlive/2012/texmf-dist/tex/latex/hyperref/nameref.sty
Package: nameref 2010/04/30 v2.40 Cross-referencing by name of section

(/usr/local/texlive/2012/texmf-dist/tex/generic/oberdiek/gettitlestring.sty
Package: gettitlestring 2010/12/03 v1.4 Cleanup title references (HO)
)
\c@section@level=\count169
)
LaTeX Info: Redefining \ref on input line 85.
LaTeX Info: Redefining \pageref on input line 85.
LaTeX Info: Redefining \nameref on input line 85.
\@outlinefile=\write5
\openout5 = `gen2h.out'.

LaTeX Font Info:    Overwriting symbol font `operators' in version `normal'
(Font)                  OT1/cmr/m/n --> OT1/cmss/m/n on input line 85.
LaTeX Font Info:    Overwriting symbol font `operators' in version `bold'
(Font)                  OT1/cmr/bx/n --> OT1/cmss/bx/n on input line 85.
\symnumbers=\mathgroup6
\sympureletters=\mathgroup7
LaTeX Font Info:    Overwriting math alphabet `\mathrm' in version `normal'
(Font)                  OT1/cmss/m/n --> OT1/cmr/m/n on input line 85.
LaTeX Font Info:    Redeclaring math alphabet \mathbf on input line 85.
LaTeX Font Info:    Overwriting math alphabet `\mathbf' in version `normal'
(Font)                  OT1/cmr/bx/n --> OT1/cmss/bx/n on input line 85.
LaTeX Font Info:    Overwriting math alphabet `\mathbf' in version `bold'
(Font)                  OT1/cmr/bx/n --> OT1/cmss/bx/n on input line 85.
LaTeX Font Info:    Redeclaring math alphabet \mathsf on input line 85.
LaTeX Font Info:    Overwriting math alphabet `\mathsf' in version `normal'
(Font)                  OT1/cmss/m/n --> OT1/cmss/m/n on input line 85.
LaTeX Font Info:    Overwriting math alphabet `\mathsf' in version `bold'
(Font)                  OT1/cmss/bx/n --> OT1/cmss/m/n on input line 85.
LaTeX Font Info:    Redeclaring math alphabet \mathit on input line 85.
LaTeX Font Info:    Overwriting math alphabet `\mathit' in version `normal'
(Font)                  OT1/cmr/m/it --> OT1/cmss/m/it on input line 85.
LaTeX Font Info:    Overwriting math alphabet `\mathit' in version `bold'
(Font)                  OT1/cmr/bx/it --> OT1/cmss/m/it on input line 85.
LaTeX Font Info:    Redeclaring math alphabet \mathtt on input line 85.
LaTeX Font Info:    Overwriting math alphabet `\mathtt' in version `normal'
(Font)                  OT1/cmtt/m/n --> OT1/cmtt/m/n on input line 85.
LaTeX Font Info:    Overwriting math alphabet `\mathtt' in version `bold'
(Font)                  OT1/cmtt/m/n --> OT1/cmtt/m/n on input line 85.
LaTeX Font Info:    Overwriting symbol font `numbers' in version `bold'
(Font)                  OT1/cmss/m/n --> OT1/cmss/bx/n on input line 85.
LaTeX Font Info:    Overwriting symbol font `pureletters' in version `bold'
(Font)                  OT1/cmss/m/it --> OT1/cmss/bx/it on input line 85.
LaTeX Font Info:    Overwriting math alphabet `\mathrm' in version `bold'
(Font)                  OT1/cmss/bx/n --> OT1/cmr/bx/n on input line 85.
LaTeX Font Info:    Overwriting math alphabet `\mathbf' in version `bold'
(Font)                  OT1/cmss/bx/n --> OT1/cmss/bx/n on input line 85.
LaTeX Font Info:    Overwriting math alphabet `\mathsf' in version `bold'
(Font)                  OT1/cmss/m/n --> OT1/cmss/bx/n on input line 85.
LaTeX Font Info:    Overwriting math alphabet `\mathit' in version `bold'
(Font)                  OT1/cmss/m/it --> OT1/cmss/bx/it on input line 85.
LaTeX Font Info:    Overwriting math alphabet `\mathtt' in version `bold'
(Font)                  OT1/cmtt/m/n --> OT1/cmtt/bx/n on input line 85.
LaTeX Font Info:    Redeclaring symbol font `pureletters' on input line 85.
LaTeX Font Info:    Overwriting symbol font `pureletters' in version `normal'
(Font)                  OT1/cmss/m/it --> OT1/mathkerncmss/m/sl on input line 8
5.
LaTeX Font Info:    Overwriting symbol font `pureletters' in version `bold'
(Font)                  OT1/cmss/bx/it --> OT1/mathkerncmss/m/sl on input line 
85.

(/usr/local/texlive/2012/texmf-dist/tex/latex/beamer/translator/dicts/translato
r-basic-dictionary/translator-basic-dictionary-English.dict
Dictionary: translator-basic-dictionary, Language: English 
)
(/usr/local/texlive/2012/texmf-dist/tex/latex/beamer/translator/dicts/translato
r-bibliography-dictionary/translator-bibliography-dictionary-English.dict
Dictionary: translator-bibliography-dictionary, Language: English 
)
(/usr/local/texlive/2012/texmf-dist/tex/latex/beamer/translator/dicts/translato
r-environment-dictionary/translator-environment-dictionary-English.dict
Dictionary: translator-environment-dictionary, Language: English 
)
(/usr/local/texlive/2012/texmf-dist/tex/latex/beamer/translator/dicts/translato
r-months-dictionary/translator-months-dictionary-English.dict
Dictionary: translator-months-dictionary, Language: English 
)
(/usr/local/texlive/2012/texmf-dist/tex/latex/beamer/translator/dicts/translato
r-numbers-dictionary/translator-numbers-dictionary-English.dict
Dictionary: translator-numbers-dictionary, Language: English 
)
(/usr/local/texlive/2012/texmf-dist/tex/latex/beamer/translator/dicts/translato
r-theorem-dictionary/translator-theorem-dictionary-English.dict
Dictionary: translator-theorem-dictionary, Language: English 
)
LaTeX Info: Redefining \includegraphics on input line 85.

No file gen2h.nav.

LaTeX Font Warning: Font shape `OT1/cmss/bx/n' in size <4> not available
(Font)              size <5> substituted on input line 90.


LaTeX Font Warning: Font shape `OT1/cmss/m/n' in size <4> not available
(Font)              size <5> substituted on input line 90.

LaTeX Font Info:    Try loading font information for U+msa on input line 114.
(/usr/local/texlive/2012/texmf-dist/tex/latex/amsfonts/umsa.fd
File: umsa.fd 2009/06/22 v3.00 AMS symbols A
)
LaTeX Font Info:    Try loading font information for U+msb on input line 114.

(/usr/local/texlive/2012/texmf-dist/tex/latex/amsfonts/umsb.fd
File: umsb.fd 2009/06/22 v3.00 AMS symbols B
)
LaTeX Font Info:    Try loading font information for OT1+mathkerncmss on input 
line 114.

(/usr/local/texlive/2012/texmf-dist/tex/latex/sansmathaccent/ot1mathkerncmss.fd
File: ot1mathkerncmss.fd 2012/04/26
) <generative.jpg, id=13, 362.35374pt x 222.8325pt>
File: generative.jpg Graphic file (type jpg)
 <use generative.jpg>
Package pdftex.def Info: generative.jpg used on input line 114.
(pdftex.def)             Requested size: 126.47249pt x 77.77493pt.

<discriminative.jpg, id=14, 293.095pt x 210.7875pt>
File: discriminative.jpg Graphic file (type jpg)
 <use discriminative.jpg>
Package pdftex.def Info: discriminative.jpg used on input line 114.
(pdftex.def)             Requested size: 126.47249pt x 90.95528pt.
LaTeX Font Info:    Try loading font information for OMS+cmss on input line 114
.
LaTeX Font Info:    No file OMScmss.fd. on input line 114.


LaTeX Font Warning: Font shape `OMS/cmss/bx/n' undefined
(Font)              using `OMS/cmsy/m/n' instead
(Font)              for symbol `textbullet' on input line 114.

<mixture.pdf, id=15, 512.91624pt x 276.03125pt>
File: mixture.pdf Graphic file (type pdf)
 <use mixture.pdf>
Package pdftex.def Info: mixture.pdf used on input line 139.
(pdftex.def)             Requested size: 198.7425pt x 106.95679pt.

<gaussian1.jpg, id=16, 1452.42625pt x 869.2475pt>
File: gaussian1.jpg Graphic file (type jpg)
 <use gaussian1.jpg>
Package pdftex.def Info: gaussian1.jpg used on input line 184.
(pdftex.def)             Requested size: 216.81pt x 129.74484pt.
 [5

{/usr/local/texlive/2012/texmf-var/fonts/map/pdftex/updmap/pdftex.map}



 <./generative.jpg> <./discriminative.jpg> <./mixture.pdf>]
<cor1.pdf, id=67, 396.48125pt x 285.065pt>
File: cor1.pdf Graphic file (type pdf)
 <use cor1.pdf>
Package pdftex.def Info: cor1.pdf used on input line 243.
(pdftex.def)             Requested size: 126.47249pt x 90.93123pt.

<cor2.pdf, id=68, 344.28625pt x 303.1325pt>
File: cor2.pdf Graphic file (type pdf)
 <use cor2.pdf>
Package pdftex.def Info: cor2.pdf used on input line 243.
(pdftex.def)             Requested size: 108.405pt x 95.4456pt.

<cor3.pdf, id=69, 344.28625pt x 303.1325pt>
File: cor3.pdf Graphic file (type pdf)
 <use cor3.pdf>
Package pdftex.def Info: cor3.pdf used on input line 243.
(pdftex.def)             Requested size: 108.405pt x 95.4456pt.

<pearson.pdf, id=70, 258.54646pt x 271.29474pt>
File: pearson.pdf Graphic file (type pdf)
 <use pearson.pdf>
Package pdftex.def Info: pearson.pdf used on input line 256.
(pdftex.def)             Requested size: 198.7425pt x 208.54985pt.

<corr000.png, id=71, 369.38pt x 256.96pt>
File: corr000.png Graphic file (type png)
 <use corr000.png>
Package pdftex.def Info: corr000.png used on input line 280.
(pdftex.def)             Requested size: 72.26999pt x 50.27362pt.

<corr100.png, id=73, 369.38pt x 256.96pt>
File: corr100.png Graphic file (type png)
 <use corr100.png>
Package pdftex.def Info: corr100.png used on input line 280.
(pdftex.def)             Requested size: 72.26999pt x 50.27362pt.

<corr025.png, id=74, 369.38pt x 256.96pt>
File: corr025.png Graphic file (type png)
 <use corr025.png>
Package pdftex.def Info: corr025.png used on input line 280.
(pdftex.def)             Requested size: 72.26999pt x 50.27362pt.

<corr-025.png, id=75, 369.38pt x 256.96pt>
File: corr-025.png Graphic file (type png)
 <use corr-025.png>
Package pdftex.def Info: corr-025.png used on input line 280.
(pdftex.def)             Requested size: 72.26999pt x 50.27362pt.

<corr050.png, id=76, 369.38pt x 256.96pt>
File: corr050.png Graphic file (type png)
 <use corr050.png>
Package pdftex.def Info: corr050.png used on input line 280.
(pdftex.def)             Requested size: 72.26999pt x 50.27362pt.

<corr-050.png, id=77, 369.38pt x 256.96pt>
File: corr-050.png Graphic file (type png)
 <use corr-050.png>
Package pdftex.def Info: corr-050.png used on input line 280.
(pdftex.def)             Requested size: 72.26999pt x 50.27362pt.

<corr075.png, id=78, 369.38pt x 256.96pt>
File: corr075.png Graphic file (type png)
 <use corr075.png>
Package pdftex.def Info: corr075.png used on input line 280.
(pdftex.def)             Requested size: 72.26999pt x 50.27362pt.

<corr-075.png, id=79, 369.38pt x 256.96pt>
File: corr-075.png Graphic file (type png)
 <use corr-075.png>
Package pdftex.def Info: corr-075.png used on input line 280.
(pdftex.def)             Requested size: 72.26999pt x 50.27362pt.
 [9




 <./gaussian1.jpg> <./cor1.pdf> <./cor2.pdf> <./cor3.pdf> <./pearson.pdf>]
Overfull \hbox (26.78615pt too wide) in paragraph at lines 350--350
[][]  
 []


Overfull \hbox (31.78616pt too wide) in paragraph at lines 397--397
[][]  
 []

<gauss2d.pdf, id=4493, 198.7425pt x 159.59625pt>
File: gauss2d.pdf Graphic file (type pdf)
 <use gauss2d.pdf>
Package pdftex.def Info: gauss2d.pdf used on input line 448.
(pdftex.def)             Requested size: 122.85876pt x 98.66127pt.
 [13




 <./corr000.png> <./corr100.png> <./corr025.png> <./corr-025.png> <./corr050.pn
g> <./corr-050.png> <./corr075.png> <./corr-075.png>]
<gaussian2d-1.png, id=4513, 382.42876pt x 269.005pt>
File: gaussian2d-1.png Graphic file (type png)
 <use gaussian2d-1.png>
Package pdftex.def Info: gaussian2d-1.png used on input line 488.
(pdftex.def)             Requested size: 144.54pt x 101.66882pt.

<gaussian2d-2.png, id=4514, 382.42876pt x 269.005pt>
File: gaussian2d-2.png Graphic file (type png)
 <use gaussian2d-2.png>
Package pdftex.def Info: gaussian2d-2.png used on input line 488.
(pdftex.def)             Requested size: 144.54pt x 101.66882pt.

<gaussian2.pdf, id=4515, 198.7425pt x 159.59625pt>
File: gaussian2.pdf Graphic file (type pdf)
 <use gaussian2.pdf>
Package pdftex.def Info: gaussian2.pdf used on input line 520.
(pdftex.def)             Requested size: 126.47249pt x 101.56409pt.

<gaussian3.pdf, id=4516, 140.84798pt x 141.42201pt>
File: gaussian3.pdf Graphic file (type pdf)
 <use gaussian3.pdf>
Package pdftex.def Info: gaussian3.pdf used on input line 548.
(pdftex.def)             Requested size: 79.49744pt x 79.82156pt.

<gaussian5.pdf, id=4517, 184.69pt x 78.2925pt>
File: gaussian5.pdf Graphic file (type pdf)
 <use gaussian5.pdf>
Package pdftex.def Info: gaussian5.pdf used on input line 571.
(pdftex.def)             Requested size: 126.47249pt x 53.6133pt.
 [17




 <./gauss2d.pdf> <./gaussian2d-1.png> <./gaussian2d-2.png> <./gaussian2.pdf> <.
/gaussian3.pdf>] <gaussian6.pdf, id=4579, 212.795pt x 159.59625pt>
File: gaussian6.pdf Graphic file (type pdf)
 <use gaussian6.pdf>
Package pdftex.def Info: gaussian6.pdf used on input line 595.
(pdftex.def)             Requested size: 126.47249pt x 94.855pt.

<projection.pdf, id=4580, 192.72pt x 214.8025pt>
File: projection.pdf Graphic file (type pdf)
 <use projection.pdf>
Package pdftex.def Info: projection.pdf used on input line 653.
(pdftex.def)             Requested size: 90.3375pt x 100.68842pt.

Overfull \vbox (0.45918pt too high) detected at line 653
 []

<projection2.pdf, id=4581, 261.97874pt x 323.2075pt>
File: projection2.pdf Graphic file (type pdf)
 <use projection2.pdf>
Package pdftex.def Info: projection2.pdf used on input line 667.
(pdftex.def)             Requested size: 144.54pt x 178.32689pt.

[21




 <./gaussian5.pdf> <./gaussian6.pdf> <./projection.pdf>]
<discriminant1.pdf, id=4662, 406.51875pt x 205.76875pt>
File: discriminant1.pdf Graphic file (type pdf)

<use discriminant1.pdf>
Package pdftex.def Info: discriminant1.pdf used on input line 684.
(pdftex.def)             Requested size: 216.81pt x 109.74138pt.

<discriminant2.pdf, id=4663, 406.51875pt x 191.71625pt>
File: discriminant2.pdf Graphic file (type pdf)

<use discriminant2.pdf>
Package pdftex.def Info: discriminant2.pdf used on input line 705.
(pdftex.def)             Requested size: 216.81pt x 102.24684pt.
 <discriminant3.pdf, id=4664, 436.63126pt x 114.4275pt>
File: discriminant3.pdf Graphic file (type pdf)

<use discriminant3.pdf>
Package pdftex.def Info: discriminant3.pdf used on input line 705.
(pdftex.def)             Requested size: 216.81pt x 56.819pt.
 <discriminant4.pdf, id=4665, 319.1925pt x 223.83624pt>
File: discriminant4.pdf Graphic file (type pdf)

<use discriminant4.pdf>
Package pdftex.def Info: discriminant4.pdf used on input line 724.
(pdftex.def)             Requested size: 216.81pt x 152.03926pt.
 <discriminant5.pdf, id=4666, 517.935pt x 251.94125pt>
File: discriminant5.pdf Graphic file (type pdf)

<use discriminant5.pdf>
Package pdftex.def Info: discriminant5.pdf used on input line 744.
(pdftex.def)             Requested size: 252.94499pt x 123.04094pt.
 [25




 <./projection2.pdf> <./discriminant1.pdf> <./discriminant2.pdf> <./discriminan
t3.pdf> <./discriminant4.pdf>]
<discriminant7.pdf, id=4823, 436.63126pt x 162.6075pt>
File: discriminant7.pdf Graphic file (type pdf)
 <use discriminant7.pdf>
Package pdftex.def Info: discriminant7.pdf used on input line 756.
(pdftex.def)             Requested size: 252.94499pt x 94.20076pt.

<discriminant9.pdf, id=4824, 558.085pt x 263.98625pt>
File: discriminant9.pdf Graphic file (type pdf)
 <use discriminant9.pdf>
Package pdftex.def Info: discriminant9.pdf used on input line 770.
(pdftex.def)             Requested size: 289.07999pt x 136.74596pt.

<discriminant10.pdf, id=4825, 417.56pt x 228.855pt>
File: discriminant10.pdf Graphic file (type pdf)
 <use discriminant10.pdf>
Package pdftex.def Info: discriminant10.pdf used on input line 790.
(pdftex.def)             Requested size: 180.67499pt x 99.02382pt.

<wine2.png, id=4826, 398.48875pt x 276.03125pt>
File: wine2.png Graphic file (type png)
 <use wine2.png>
Package pdftex.def Info: wine2.png used on input line 809.
(pdftex.def)             Requested size: 216.81pt x 150.18343pt.
 [29




 <./discriminant5.pdf> <./discriminant7.pdf> <./discriminant9.pdf> <./discrimin
ant10.pdf>]
<mnist1.jpg, id=4904, 167.62625pt x 168.63pt>
File: mnist1.jpg Graphic file (type jpg)
 <use mnist1.jpg>
Package pdftex.def Info: mnist1.jpg used on input line 844.
(pdftex.def)             Requested size: 72.26999pt x 72.70245pt.

<fisher1.pdf, id=4905, 464.73625pt x 64.24pt>
File: fisher1.pdf Graphic file (type pdf)
 <use fisher1.pdf>
Package pdftex.def Info: fisher1.pdf used on input line 877.
(pdftex.def)             Requested size: 289.07999pt x 39.95973pt.
\tf@nav=\write6
\openout6 = `gen2h.nav'.

\tf@toc=\write7
\openout7 = `gen2h.toc'.

\tf@snm=\write8
\openout8 = `gen2h.snm'.

 [33




 <./wine2.png> <./mnist1.jpg> <./fisher1.pdf>]
Package atveryend Info: Empty hook `BeforeClearDocument' on input line 903.
Package atveryend Info: Empty hook `AfterLastShipout' on input line 903.
 (./gen2h.aux)
Package atveryend Info: Executing hook `AtVeryEndDocument' on input line 903.
Package atveryend Info: Executing hook `AtEndAfterFileList' on input line 903.


Package rerunfilecheck Warning: File `gen2h.out' has changed.
(rerunfilecheck)                Rerun to get outlines right
(rerunfilecheck)                or use package `bookmark'.

Package rerunfilecheck Info: Checksums for `gen2h.out':
(rerunfilecheck)             Before: <no file>
(rerunfilecheck)             After:  D41D8CD98F00B204E9800998ECF8427E;0.

LaTeX Font Warning: Size substitutions with differences
(Font)              up to 1.0pt have occurred.


LaTeX Font Warning: Some font shapes were not available, defaults substituted.

Package atveryend Info: Empty hook `AtVeryVeryEnd' on input line 903.
 ) 
Here is how much of TeX's memory you used:
 16172 strings out of 493488
 302472 string characters out of 3141326
 423161 words of memory out of 3000000
 18992 multiletter control sequences out of 15000+200000
 10822 words of font info for 40 fonts, out of 3000000 for 9000
 957 hyphenation exceptions out of 8191
 49i,14n,53p,390b,528s stack positions out of 5000i,500n,10000p,200000b,50000s
</usr/local/texlive/2012/texmf-dist/fonts/type1/public/amsfonts/cm/cmex10.pfb
></usr/local/texlive/2012/texmf-dist/fonts/type1/public/amsfonts/cm/cmmi10.pfb>
</usr/local/texlive/2012/texmf-dist/fonts/type1/public/amsfonts/cm/cmmi12.pfb><
/usr/local/texlive/2012/texmf-dist/fonts/type1/public/amsfonts/cm/cmmi7.pfb></u
sr/local/texlive/2012/texmf-dist/fonts/type1/public/amsfonts/cm/cmr10.pfb></usr
/local/texlive/2012/texmf-dist/fonts/type1/public/amsfonts/cm/cmr7.pfb></usr/lo
cal/texlive/2012/texmf-dist/fonts/type1/public/amsfonts/cm/cmss10.pfb></usr/loc
al/texlive/2012/texmf-dist/fonts/type1/public/amsfonts/cm/cmss12.pfb></usr/loca
l/texlive/2012/texmf-dist/fonts/type1/public/amsfonts/cm/cmss8.pfb></usr/local/
texlive/2012/texmf-dist/fonts/type1/public/amsfonts/cm/cmssbx10.pfb></usr/local
/texlive/2012/texmf-dist/fonts/type1/public/amsfonts/cm/cmssi10.pfb></usr/local
/texlive/2012/texmf-dist/fonts/type1/public/amsfonts/cm/cmssi12.pfb></usr/local
/texlive/2012/texmf-dist/fonts/type1/public/amsfonts/cm/cmssi8.pfb></usr/local/
texlive/2012/texmf-dist/fonts/type1/public/amsfonts/cm/cmsy10.pfb></usr/local/t
exlive/2012/texmf-dist/fonts/type1/public/amsfonts/cm/cmsy7.pfb></usr/local/tex
live/2012/texmf-dist/fonts/type1/public/amsfonts/cm/cmsy9.pfb></usr/local/texli
ve/2012/texmf-dist/fonts/type1/public/amsfonts/symbols/msbm10.pfb>
Output written on gen2h.pdf (8 pages, 1206602 bytes).
PDF statistics:
 4996 PDF objects out of 5155 (max. 8388607)
 2670 compressed objects within 27 object streams
 65 named destinations out of 1000 (max. 500000)
 223 words of extra memory for PDF output out of 10000 (max. 10000000)

